2024-07-15 14:24:10 [::1][33][oek7mdkfrpj96pmtujodmopsd3][error][yii\web\HttpException:404] exception 'yii\base\InvalidRouteException' with message 'Unable to resolve the request "uploaded_files/aplikasi/favicon.png".' in C:\xampp\htdocs\inlislite3\vendor\yiisoft\yii2\base\Module.php:460
Stack trace:
#0 C:\xampp\htdocs\inlislite3\vendor\yiisoft\yii2\web\Application.php(84): yii\base\Module->runAction('uploaded_files/...', Array)
#1 C:\xampp\htdocs\inlislite3\vendor\yiisoft\yii2\base\Application.php(375): yii\web\Application->handleRequest(Object(yii\web\Request))
#2 C:\xampp\htdocs\inlislite3\backend\index.php(18): yii\base\Application->run()
#3 {main}

Next exception 'yii\web\NotFoundHttpException' with message 'Halaman tidak ditemukan.' in C:\xampp\htdocs\inlislite3\vendor\yiisoft\yii2\web\Application.php:96
Stack trace:
#0 C:\xampp\htdocs\inlislite3\vendor\yiisoft\yii2\base\Application.php(375): yii\web\Application->handleRequest(Object(yii\web\Request))
#1 C:\xampp\htdocs\inlislite3\backend\index.php(18): yii\base\Application->run()
#2 {main}
2024-07-15 14:24:10 [::1][33][oek7mdkfrpj96pmtujodmopsd3][info][application] $_COOKIE = [
    'mailpoet_subscriber' => '{\"subscriber_id\":1}'
    'mailpoet_page_view' => '{\"timestamp\":1686724796}'
    'PHPSESSID' => '4moupv2th1r6898vakjsv6aph1'
    '_backendInlislite' => '5669a9be7b0674e6867bc60ec16ba5f784796c88f1ee0f520f0ab1057dad9378a:2:{i:0;s:17:\"_backendInlislite\";i:1;s:32:\"PEQcIVw0vVfYP2x5Pq2_2Yn01upoVWL7\";}'
    '_csrf' => 'c9b0ac64b7ce97f1ee56e0280e938d3f8b81dc9cad0f99d7e4ef55ad474efa30a:2:{i:0;s:5:\"_csrf\";i:1;s:32:\"Bbu1oOB-Rh16WbkLiUiU28I1GG4XXci0\";}'
    'backendSession' => 'oek7mdkfrpj96pmtujodmopsd3'
    '_identity' => 'af3e2a0e951dec577795a0c5ffd91cd682a11d709a13aa959f261807f7b4af33a:2:{i:0;s:9:\"_identity\";i:1;s:17:\"[33,null,2592000]\";}'
]

$_SESSION = [
    '__flash' => []
    '__returnUrl' => '/inlislite3/backend/'
    'location' => '1'
    '__id' => 33
]

$_SERVER = [
    'REDIRECT_MIBDIRS' => 'C:/xampp/php/extras/mibs'
    'REDIRECT_MYSQL_HOME' => '\\xampp\\mysql\\bin'
    'REDIRECT_OPENSSL_CONF' => 'C:/xampp/apache/bin/openssl.cnf'
    'REDIRECT_PHP_PEAR_SYSCONF_DIR' => '\\xampp\\php'
    'REDIRECT_PHPRC' => '\\xampp\\php'
    'REDIRECT_TMP' => '\\xampp\\tmp'
    'REDIRECT_STATUS' => '200'
    'MIBDIRS' => 'C:/xampp/php/extras/mibs'
    'MYSQL_HOME' => '\\xampp\\mysql\\bin'
    'OPENSSL_CONF' => 'C:/xampp/apache/bin/openssl.cnf'
    'PHP_PEAR_SYSCONF_DIR' => '\\xampp\\php'
    'PHPRC' => '\\xampp\\php'
    'TMP' => '\\xampp\\tmp'
    'HTTP_HOST' => 'localhost:8123'
    'HTTP_CONNECTION' => 'keep-alive'
    'HTTP_SEC_CH_UA' => '\"Not/A)Brand\";v=\"8\", \"Chromium\";v=\"126\", \"Microsoft Edge\";v=\"126\"'
    'HTTP_SEC_CH_UA_MOBILE' => '?0'
    'HTTP_USER_AGENT' => 'Mozilla/5.0 (Windows NT 10.0; Win64; x64) AppleWebKit/537.36 (KHTML, like Gecko) Chrome/126.0.0.0 Safari/537.36 Edg/126.0.0.0'
    'HTTP_SEC_CH_UA_PLATFORM' => '\"Windows\"'
    'HTTP_ACCEPT' => 'image/avif,image/webp,image/apng,image/svg+xml,image/*,*/*;q=0.8'
    'HTTP_SEC_FETCH_SITE' => 'same-origin'
    'HTTP_SEC_FETCH_MODE' => 'no-cors'
    'HTTP_SEC_FETCH_DEST' => 'image'
    'HTTP_REFERER' => 'http://localhost:8123/inlislite3/backend/'
    'HTTP_ACCEPT_ENCODING' => 'gzip, deflate, br, zstd'
    'HTTP_ACCEPT_LANGUAGE' => 'id,en;q=0.9,en-GB;q=0.8,en-US;q=0.7'
    'HTTP_COOKIE' => 'mailpoet_subscriber=%7B%22subscriber_id%22%3A1%7D; mailpoet_page_view=%7B%22timestamp%22%3A1686724796%7D; PHPSESSID=4moupv2th1r6898vakjsv6aph1; _backendInlislite=5669a9be7b0674e6867bc60ec16ba5f784796c88f1ee0f520f0ab1057dad9378a%3A2%3A%7Bi%3A0%3Bs%3A17%3A%22_backendInlislite%22%3Bi%3A1%3Bs%3A32%3A%22PEQcIVw0vVfYP2x5Pq2_2Yn01upoVWL7%22%3B%7D; _csrf=c9b0ac64b7ce97f1ee56e0280e938d3f8b81dc9cad0f99d7e4ef55ad474efa30a%3A2%3A%7Bi%3A0%3Bs%3A5%3A%22_csrf%22%3Bi%3A1%3Bs%3A32%3A%22Bbu1oOB-Rh16WbkLiUiU28I1GG4XXci0%22%3B%7D; backendSession=oek7mdkfrpj96pmtujodmopsd3; _identity=af3e2a0e951dec577795a0c5ffd91cd682a11d709a13aa959f261807f7b4af33a%3A2%3A%7Bi%3A0%3Bs%3A9%3A%22_identity%22%3Bi%3A1%3Bs%3A17%3A%22%5B33%2Cnull%2C2592000%5D%22%3B%7D'
    'PATH' => 'C:\\Program Files\\Common Files\\Oracle\\Java\\javapath;C:\\Program Files (x86)\\Common Files\\Oracle\\Java\\javapath;C:\\Windows\\system32;C:\\Windows;C:\\Windows\\System32\\Wbem;C:\\Windows\\System32\\WindowsPowerShell\\v1.0\\;C:\\Windows\\System32\\OpenSSH\\;C:\\Program Files (x86)\\NVIDIA Corporation\\PhysX\\Common;C:\\Program Files\\NVIDIA Corporation\\NVIDIA NvDLISR;C:\\WINDOWS\\system32;C:\\WINDOWS;C:\\WINDOWS\\System32\\Wbem;C:\\WINDOWS\\System32\\WindowsPowerShell\\v1.0\\;C:\\WINDOWS\\System32\\OpenSSH\\;C:\\Program Files\\dotnet\\;C:\\MinGW\\bin;C:\\xampp\\php;C:\\Program Files\\Git\\cmd;C:\\composer;C:\\Users\\panjo\\AppData\\Local\\Microsoft\\WindowsApps;C:\\Users\\panjo\\AppData\\Local\\Programs\\Microsoft VS Code\\bin;C:\\Users\\panjo\\AppData\\Local\\GitHubDesktop\\bin;C:\\Users\\panjo\\AppData\\Roaming\\Composer\\vendor\\bin'
    'SystemRoot' => 'C:\\WINDOWS'
    'COMSPEC' => 'C:\\WINDOWS\\system32\\cmd.exe'
    'PATHEXT' => '.COM;.EXE;.BAT;.CMD;.VBS;.VBE;.JS;.JSE;.WSF;.WSH;.MSC'
    'WINDIR' => 'C:\\WINDOWS'
    'SERVER_SIGNATURE' => '<address>Apache/2.4.17 (Win32) OpenSSL/1.0.2d PHP/5.6.19 Server at localhost Port 8123</address>
'
    'SERVER_SOFTWARE' => 'Apache/2.4.17 (Win32) OpenSSL/1.0.2d PHP/5.6.19'
    'SERVER_NAME' => 'localhost'
    'SERVER_ADDR' => '::1'
    'SERVER_PORT' => '8123'
    'REMOTE_ADDR' => '::1'
    'DOCUMENT_ROOT' => 'C:/xampp/htdocs'
    'REQUEST_SCHEME' => 'http'
    'CONTEXT_PREFIX' => ''
    'CONTEXT_DOCUMENT_ROOT' => 'C:/xampp/htdocs'
    'SERVER_ADMIN' => 'postmaster@localhost'
    'SCRIPT_FILENAME' => 'C:/xampp/htdocs/inlislite3/backend/index.php'
    'REMOTE_PORT' => '50820'
    'REDIRECT_URL' => 'http://localhost:8123/inlislite3/backend/uploaded_files/aplikasi/favicon.png'
    'GATEWAY_INTERFACE' => 'CGI/1.1'
    'SERVER_PROTOCOL' => 'HTTP/1.1'
    'REQUEST_METHOD' => 'GET'
    'QUERY_STRING' => ''
    'REQUEST_URI' => '/inlislite3/backend/uploaded_files/aplikasi/favicon.png'
    'SCRIPT_NAME' => '/inlislite3/backend/index.php'
    'PHP_SELF' => '/inlislite3/backend/index.php'
    'REQUEST_TIME_FLOAT' => 1721028250.012
    'REQUEST_TIME' => 1721028250
]
2024-07-16 13:23:42 [::1][33][k7v43odbd851qr53h9e1hflf62][error][yii\web\HttpException:404] exception 'yii\base\InvalidRouteException' with message 'Unable to resolve the request "uploaded_files/aplikasi/favicon.png".' in C:\xampp\htdocs\inlislite3\vendor\yiisoft\yii2\base\Module.php:460
Stack trace:
#0 C:\xampp\htdocs\inlislite3\vendor\yiisoft\yii2\web\Application.php(84): yii\base\Module->runAction('uploaded_files/...', Array)
#1 C:\xampp\htdocs\inlislite3\vendor\yiisoft\yii2\base\Application.php(375): yii\web\Application->handleRequest(Object(yii\web\Request))
#2 C:\xampp\htdocs\inlislite3\backend\index.php(18): yii\base\Application->run()
#3 {main}

Next exception 'yii\web\NotFoundHttpException' with message 'Halaman tidak ditemukan.' in C:\xampp\htdocs\inlislite3\vendor\yiisoft\yii2\web\Application.php:96
Stack trace:
#0 C:\xampp\htdocs\inlislite3\vendor\yiisoft\yii2\base\Application.php(375): yii\web\Application->handleRequest(Object(yii\web\Request))
#1 C:\xampp\htdocs\inlislite3\backend\index.php(18): yii\base\Application->run()
#2 {main}
2024-07-16 13:23:42 [::1][33][k7v43odbd851qr53h9e1hflf62][info][application] $_COOKIE = [
    'mailpoet_subscriber' => '{\"subscriber_id\":1}'
    'mailpoet_page_view' => '{\"timestamp\":1686724796}'
    'PHPSESSID' => '9q73hkcfsk52gqp31skm40l6h6'
    '_csrf' => '214e5161ef2d67fa9974bc612e2bdafaf34688b8d776bd4a384f59a69e8e1d21a:2:{i:0;s:5:\"_csrf\";i:1;s:32:\"KPZ6gxiZm-I3ZkXUBf5ZKScrVy7fqniE\";}'
    'keanggotaanSession' => 'ck2iqhq5aq97209nfuogageti0'
    '_ArticleInlislite' => '10f0413afc854d72cbc08a77e2953882d171b6febaba355bd6bb1cb5594dea2ca:2:{i:0;s:17:\"_ArticleInlislite\";i:1;s:32:\"Q6f4DAlcUuSZ9FSvVnC3Syx19GWk-qSh\";}'
    '_OpacInlislite' => '960ec45237b3569117b3363112ffc60352be04d4ac73dea1be44b5db655976cea:2:{i:0;s:14:\"_OpacInlislite\";i:1;s:32:\"2tF3bnu53DRtOufflI8rmdisprvGKeUD\";}'
    '_LKDInlislite' => '2d312e4e5dd799ae77cc7248d5dd95856666206dc8b3a9133344c2e7a50c2737a:2:{i:0;s:13:\"_LKDInlislite\";i:1;s:32:\"SlOaF6ip1Db4W2Y5RkK22dYRHzY_gVm0\";}'
    '_backendInlislite' => '2b76d462e18bdc4ce8bdf00a7648a89686aaf56ba0578bb4c2d51773976a8679a:2:{i:0;s:17:\"_backendInlislite\";i:1;s:32:\"420-Eitx85zLCHwqF8e_4DgNxp2cBgwS\";}'
    'backendSession' => 'k7v43odbd851qr53h9e1hflf62'
    '_identity' => 'af3e2a0e951dec577795a0c5ffd91cd682a11d709a13aa959f261807f7b4af33a:2:{i:0;s:9:\"_identity\";i:1;s:17:\"[33,null,2592000]\";}'
]

$_SESSION = [
    '__flash' => []
    '__returnUrl' => '/inlislite3/backend/'
    'location' => '1'
    '__id' => 33
]

$_SERVER = [
    'REDIRECT_MIBDIRS' => 'C:/xampp/php/extras/mibs'
    'REDIRECT_MYSQL_HOME' => '\\xampp\\mysql\\bin'
    'REDIRECT_OPENSSL_CONF' => 'C:/xampp/apache/bin/openssl.cnf'
    'REDIRECT_PHP_PEAR_SYSCONF_DIR' => '\\xampp\\php'
    'REDIRECT_PHPRC' => '\\xampp\\php'
    'REDIRECT_TMP' => '\\xampp\\tmp'
    'REDIRECT_STATUS' => '200'
    'MIBDIRS' => 'C:/xampp/php/extras/mibs'
    'MYSQL_HOME' => '\\xampp\\mysql\\bin'
    'OPENSSL_CONF' => 'C:/xampp/apache/bin/openssl.cnf'
    'PHP_PEAR_SYSCONF_DIR' => '\\xampp\\php'
    'PHPRC' => '\\xampp\\php'
    'TMP' => '\\xampp\\tmp'
    'HTTP_HOST' => 'localhost:8123'
    'HTTP_CONNECTION' => 'keep-alive'
    'HTTP_SEC_CH_UA' => '\"Not/A)Brand\";v=\"8\", \"Chromium\";v=\"126\", \"Microsoft Edge\";v=\"126\"'
    'HTTP_SEC_CH_UA_MOBILE' => '?0'
    'HTTP_USER_AGENT' => 'Mozilla/5.0 (Windows NT 10.0; Win64; x64) AppleWebKit/537.36 (KHTML, like Gecko) Chrome/126.0.0.0 Safari/537.36 Edg/126.0.0.0'
    'HTTP_SEC_CH_UA_PLATFORM' => '\"Windows\"'
    'HTTP_ACCEPT' => 'image/avif,image/webp,image/apng,image/svg+xml,image/*,*/*;q=0.8'
    'HTTP_SEC_FETCH_SITE' => 'same-origin'
    'HTTP_SEC_FETCH_MODE' => 'no-cors'
    'HTTP_SEC_FETCH_DEST' => 'image'
    'HTTP_REFERER' => 'http://localhost:8123/inlislite3/backend/'
    'HTTP_ACCEPT_ENCODING' => 'gzip, deflate, br, zstd'
    'HTTP_ACCEPT_LANGUAGE' => 'id,en;q=0.9,en-GB;q=0.8,en-US;q=0.7'
    'HTTP_COOKIE' => 'mailpoet_subscriber=%7B%22subscriber_id%22%3A1%7D; mailpoet_page_view=%7B%22timestamp%22%3A1686724796%7D; PHPSESSID=9q73hkcfsk52gqp31skm40l6h6; _csrf=214e5161ef2d67fa9974bc612e2bdafaf34688b8d776bd4a384f59a69e8e1d21a%3A2%3A%7Bi%3A0%3Bs%3A5%3A%22_csrf%22%3Bi%3A1%3Bs%3A32%3A%22KPZ6gxiZm-I3ZkXUBf5ZKScrVy7fqniE%22%3B%7D; keanggotaanSession=ck2iqhq5aq97209nfuogageti0; _ArticleInlislite=10f0413afc854d72cbc08a77e2953882d171b6febaba355bd6bb1cb5594dea2ca%3A2%3A%7Bi%3A0%3Bs%3A17%3A%22_ArticleInlislite%22%3Bi%3A1%3Bs%3A32%3A%22Q6f4DAlcUuSZ9FSvVnC3Syx19GWk-qSh%22%3B%7D; _OpacInlislite=960ec45237b3569117b3363112ffc60352be04d4ac73dea1be44b5db655976cea%3A2%3A%7Bi%3A0%3Bs%3A14%3A%22_OpacInlislite%22%3Bi%3A1%3Bs%3A32%3A%222tF3bnu53DRtOufflI8rmdisprvGKeUD%22%3B%7D; _LKDInlislite=2d312e4e5dd799ae77cc7248d5dd95856666206dc8b3a9133344c2e7a50c2737a%3A2%3A%7Bi%3A0%3Bs%3A13%3A%22_LKDInlislite%22%3Bi%3A1%3Bs%3A32%3A%22SlOaF6ip1Db4W2Y5RkK22dYRHzY_gVm0%22%3B%7D; _backendInlislite=2b76d462e18bdc4ce8bdf00a7648a89686aaf56ba0578bb4c2d51773976a8679a%3A2%3A%7Bi%3A0%3Bs%3A17%3A%22_backendInlislite%22%3Bi%3A1%3Bs%3A32%3A%22420-Eitx85zLCHwqF8e_4DgNxp2cBgwS%22%3B%7D; backendSession=k7v43odbd851qr53h9e1hflf62; _identity=af3e2a0e951dec577795a0c5ffd91cd682a11d709a13aa959f261807f7b4af33a%3A2%3A%7Bi%3A0%3Bs%3A9%3A%22_identity%22%3Bi%3A1%3Bs%3A17%3A%22%5B33%2Cnull%2C2592000%5D%22%3B%7D'
    'PATH' => 'C:\\Program Files\\Common Files\\Oracle\\Java\\javapath;C:\\Program Files (x86)\\Common Files\\Oracle\\Java\\javapath;C:\\Windows\\system32;C:\\Windows;C:\\Windows\\System32\\Wbem;C:\\Windows\\System32\\WindowsPowerShell\\v1.0\\;C:\\Windows\\System32\\OpenSSH\\;C:\\Program Files (x86)\\NVIDIA Corporation\\PhysX\\Common;C:\\Program Files\\NVIDIA Corporation\\NVIDIA NvDLISR;C:\\WINDOWS\\system32;C:\\WINDOWS;C:\\WINDOWS\\System32\\Wbem;C:\\WINDOWS\\System32\\WindowsPowerShell\\v1.0\\;C:\\WINDOWS\\System32\\OpenSSH\\;C:\\Program Files\\dotnet\\;C:\\MinGW\\bin;C:\\xampp\\php;C:\\Program Files\\Git\\cmd;C:\\composer;C:\\Users\\panjo\\AppData\\Local\\Microsoft\\WindowsApps;C:\\Users\\panjo\\AppData\\Local\\Programs\\Microsoft VS Code\\bin;C:\\Users\\panjo\\AppData\\Local\\GitHubDesktop\\bin;C:\\Users\\panjo\\AppData\\Roaming\\Composer\\vendor\\bin'
    'SystemRoot' => 'C:\\WINDOWS'
    'COMSPEC' => 'C:\\WINDOWS\\system32\\cmd.exe'
    'PATHEXT' => '.COM;.EXE;.BAT;.CMD;.VBS;.VBE;.JS;.JSE;.WSF;.WSH;.MSC'
    'WINDIR' => 'C:\\WINDOWS'
    'SERVER_SIGNATURE' => '<address>Apache/2.4.17 (Win32) OpenSSL/1.0.2d PHP/5.6.19 Server at localhost Port 8123</address>
'
    'SERVER_SOFTWARE' => 'Apache/2.4.17 (Win32) OpenSSL/1.0.2d PHP/5.6.19'
    'SERVER_NAME' => 'localhost'
    'SERVER_ADDR' => '::1'
    'SERVER_PORT' => '8123'
    'REMOTE_ADDR' => '::1'
    'DOCUMENT_ROOT' => 'C:/xampp/htdocs'
    'REQUEST_SCHEME' => 'http'
    'CONTEXT_PREFIX' => ''
    'CONTEXT_DOCUMENT_ROOT' => 'C:/xampp/htdocs'
    'SERVER_ADMIN' => 'postmaster@localhost'
    'SCRIPT_FILENAME' => 'C:/xampp/htdocs/inlislite3/backend/index.php'
    'REMOTE_PORT' => '52541'
    'REDIRECT_URL' => 'http://localhost:8123/inlislite3/backend/uploaded_files/aplikasi/favicon.png'
    'GATEWAY_INTERFACE' => 'CGI/1.1'
    'SERVER_PROTOCOL' => 'HTTP/1.1'
    'REQUEST_METHOD' => 'GET'
    'QUERY_STRING' => ''
    'REQUEST_URI' => '/inlislite3/backend/uploaded_files/aplikasi/favicon.png'
    'SCRIPT_NAME' => '/inlislite3/backend/index.php'
    'PHP_SELF' => '/inlislite3/backend/index.php'
    'REQUEST_TIME_FLOAT' => 1721111022.587
    'REQUEST_TIME' => 1721111022
]
2024-07-16 13:33:27 [::1][33][-][error][yii\i18n\PhpMessageSource::loadFallbackMessages] The message file for category 'kvdate' does not exist: C:\xampp\htdocs\inlislite3\vendor\kartik-v\yii2-widget-datepicker/messages/idn/kvdate.php Fallback file does not exist as well: C:\xampp\htdocs\inlislite3\vendor\kartik-v\yii2-widget-datepicker/messages/id/kvdate.php
    in C:\xampp\htdocs\inlislite3\vendor\kartik-v\yii2-widget-datepicker\DatePicker.php:290
    in C:\xampp\htdocs\inlislite3\vendor\kartik-v\yii2-widget-datepicker\DatePicker.php:316
    in C:\xampp\htdocs\inlislite3\vendor\kartik-v\yii2-widget-datepicker\DatePicker.php:266
2024-07-16 13:33:26 [::1][33][-][info][application] $_COOKIE = [
    'mailpoet_subscriber' => '{\"subscriber_id\":1}'
    'mailpoet_page_view' => '{\"timestamp\":1686724796}'
    'PHPSESSID' => '9q73hkcfsk52gqp31skm40l6h6'
    '_csrf' => '214e5161ef2d67fa9974bc612e2bdafaf34688b8d776bd4a384f59a69e8e1d21a:2:{i:0;s:5:\"_csrf\";i:1;s:32:\"KPZ6gxiZm-I3ZkXUBf5ZKScrVy7fqniE\";}'
    'keanggotaanSession' => 'ck2iqhq5aq97209nfuogageti0'
    '_ArticleInlislite' => '10f0413afc854d72cbc08a77e2953882d171b6febaba355bd6bb1cb5594dea2ca:2:{i:0;s:17:\"_ArticleInlislite\";i:1;s:32:\"Q6f4DAlcUuSZ9FSvVnC3Syx19GWk-qSh\";}'
    '_OpacInlislite' => '960ec45237b3569117b3363112ffc60352be04d4ac73dea1be44b5db655976cea:2:{i:0;s:14:\"_OpacInlislite\";i:1;s:32:\"2tF3bnu53DRtOufflI8rmdisprvGKeUD\";}'
    '_LKDInlislite' => '2d312e4e5dd799ae77cc7248d5dd95856666206dc8b3a9133344c2e7a50c2737a:2:{i:0;s:13:\"_LKDInlislite\";i:1;s:32:\"SlOaF6ip1Db4W2Y5RkK22dYRHzY_gVm0\";}'
    '_backendInlislite' => '2b76d462e18bdc4ce8bdf00a7648a89686aaf56ba0578bb4c2d51773976a8679a:2:{i:0;s:17:\"_backendInlislite\";i:1;s:32:\"420-Eitx85zLCHwqF8e_4DgNxp2cBgwS\";}'
    'backendSession' => 'k7v43odbd851qr53h9e1hflf62'
    '_identity' => 'af3e2a0e951dec577795a0c5ffd91cd682a11d709a13aa959f261807f7b4af33a:2:{i:0;s:9:\"_identity\";i:1;s:17:\"[33,null,2592000]\";}'
]

$_SESSION = [
    '__flash' => []
    '__returnUrl' => '/inlislite3/backend/member/member/index'
    'location' => '1'
    '__id' => 33
]

$_SERVER = [
    'REDIRECT_MIBDIRS' => 'C:/xampp/php/extras/mibs'
    'REDIRECT_MYSQL_HOME' => '\\xampp\\mysql\\bin'
    'REDIRECT_OPENSSL_CONF' => 'C:/xampp/apache/bin/openssl.cnf'
    'REDIRECT_PHP_PEAR_SYSCONF_DIR' => '\\xampp\\php'
    'REDIRECT_PHPRC' => '\\xampp\\php'
    'REDIRECT_TMP' => '\\xampp\\tmp'
    'REDIRECT_STATUS' => '200'
    'MIBDIRS' => 'C:/xampp/php/extras/mibs'
    'MYSQL_HOME' => '\\xampp\\mysql\\bin'
    'OPENSSL_CONF' => 'C:/xampp/apache/bin/openssl.cnf'
    'PHP_PEAR_SYSCONF_DIR' => '\\xampp\\php'
    'PHPRC' => '\\xampp\\php'
    'TMP' => '\\xampp\\tmp'
    'HTTP_HOST' => 'localhost:8123'
    'HTTP_CONNECTION' => 'keep-alive'
    'HTTP_SEC_CH_UA' => '\"Not/A)Brand\";v=\"8\", \"Chromium\";v=\"126\", \"Microsoft Edge\";v=\"126\"'
    'HTTP_SEC_CH_UA_MOBILE' => '?0'
    'HTTP_SEC_CH_UA_PLATFORM' => '\"Windows\"'
    'HTTP_UPGRADE_INSECURE_REQUESTS' => '1'
    'HTTP_USER_AGENT' => 'Mozilla/5.0 (Windows NT 10.0; Win64; x64) AppleWebKit/537.36 (KHTML, like Gecko) Chrome/126.0.0.0 Safari/537.36 Edg/126.0.0.0'
    'HTTP_ACCEPT' => 'text/html,application/xhtml+xml,application/xml;q=0.9,image/avif,image/webp,image/apng,*/*;q=0.8,application/signed-exchange;v=b3;q=0.7'
    'HTTP_SEC_FETCH_SITE' => 'same-origin'
    'HTTP_SEC_FETCH_MODE' => 'navigate'
    'HTTP_SEC_FETCH_USER' => '?1'
    'HTTP_SEC_FETCH_DEST' => 'document'
    'HTTP_REFERER' => 'http://localhost:8123/inlislite3/backend/member/member/index'
    'HTTP_ACCEPT_ENCODING' => 'gzip, deflate, br, zstd'
    'HTTP_ACCEPT_LANGUAGE' => 'id,en;q=0.9,en-GB;q=0.8,en-US;q=0.7'
    'HTTP_COOKIE' => 'mailpoet_subscriber=%7B%22subscriber_id%22%3A1%7D; mailpoet_page_view=%7B%22timestamp%22%3A1686724796%7D; PHPSESSID=9q73hkcfsk52gqp31skm40l6h6; _csrf=214e5161ef2d67fa9974bc612e2bdafaf34688b8d776bd4a384f59a69e8e1d21a%3A2%3A%7Bi%3A0%3Bs%3A5%3A%22_csrf%22%3Bi%3A1%3Bs%3A32%3A%22KPZ6gxiZm-I3ZkXUBf5ZKScrVy7fqniE%22%3B%7D; keanggotaanSession=ck2iqhq5aq97209nfuogageti0; _ArticleInlislite=10f0413afc854d72cbc08a77e2953882d171b6febaba355bd6bb1cb5594dea2ca%3A2%3A%7Bi%3A0%3Bs%3A17%3A%22_ArticleInlislite%22%3Bi%3A1%3Bs%3A32%3A%22Q6f4DAlcUuSZ9FSvVnC3Syx19GWk-qSh%22%3B%7D; _OpacInlislite=960ec45237b3569117b3363112ffc60352be04d4ac73dea1be44b5db655976cea%3A2%3A%7Bi%3A0%3Bs%3A14%3A%22_OpacInlislite%22%3Bi%3A1%3Bs%3A32%3A%222tF3bnu53DRtOufflI8rmdisprvGKeUD%22%3B%7D; _LKDInlislite=2d312e4e5dd799ae77cc7248d5dd95856666206dc8b3a9133344c2e7a50c2737a%3A2%3A%7Bi%3A0%3Bs%3A13%3A%22_LKDInlislite%22%3Bi%3A1%3Bs%3A32%3A%22SlOaF6ip1Db4W2Y5RkK22dYRHzY_gVm0%22%3B%7D; _backendInlislite=2b76d462e18bdc4ce8bdf00a7648a89686aaf56ba0578bb4c2d51773976a8679a%3A2%3A%7Bi%3A0%3Bs%3A17%3A%22_backendInlislite%22%3Bi%3A1%3Bs%3A32%3A%22420-Eitx85zLCHwqF8e_4DgNxp2cBgwS%22%3B%7D; backendSession=k7v43odbd851qr53h9e1hflf62; _identity=af3e2a0e951dec577795a0c5ffd91cd682a11d709a13aa959f261807f7b4af33a%3A2%3A%7Bi%3A0%3Bs%3A9%3A%22_identity%22%3Bi%3A1%3Bs%3A17%3A%22%5B33%2Cnull%2C2592000%5D%22%3B%7D'
    'PATH' => 'C:\\Program Files\\Common Files\\Oracle\\Java\\javapath;C:\\Program Files (x86)\\Common Files\\Oracle\\Java\\javapath;C:\\Windows\\system32;C:\\Windows;C:\\Windows\\System32\\Wbem;C:\\Windows\\System32\\WindowsPowerShell\\v1.0\\;C:\\Windows\\System32\\OpenSSH\\;C:\\Program Files (x86)\\NVIDIA Corporation\\PhysX\\Common;C:\\Program Files\\NVIDIA Corporation\\NVIDIA NvDLISR;C:\\WINDOWS\\system32;C:\\WINDOWS;C:\\WINDOWS\\System32\\Wbem;C:\\WINDOWS\\System32\\WindowsPowerShell\\v1.0\\;C:\\WINDOWS\\System32\\OpenSSH\\;C:\\Program Files\\dotnet\\;C:\\MinGW\\bin;C:\\xampp\\php;C:\\Program Files\\Git\\cmd;C:\\composer;C:\\Users\\panjo\\AppData\\Local\\Microsoft\\WindowsApps;C:\\Users\\panjo\\AppData\\Local\\Programs\\Microsoft VS Code\\bin;C:\\Users\\panjo\\AppData\\Local\\GitHubDesktop\\bin;C:\\Users\\panjo\\AppData\\Roaming\\Composer\\vendor\\bin'
    'SystemRoot' => 'C:\\WINDOWS'
    'COMSPEC' => 'C:\\WINDOWS\\system32\\cmd.exe'
    'PATHEXT' => '.COM;.EXE;.BAT;.CMD;.VBS;.VBE;.JS;.JSE;.WSF;.WSH;.MSC'
    'WINDIR' => 'C:\\WINDOWS'
    'SERVER_SIGNATURE' => '<address>Apache/2.4.17 (Win32) OpenSSL/1.0.2d PHP/5.6.19 Server at localhost Port 8123</address>
'
    'SERVER_SOFTWARE' => 'Apache/2.4.17 (Win32) OpenSSL/1.0.2d PHP/5.6.19'
    'SERVER_NAME' => 'localhost'
    'SERVER_ADDR' => '::1'
    'SERVER_PORT' => '8123'
    'REMOTE_ADDR' => '::1'
    'DOCUMENT_ROOT' => 'C:/xampp/htdocs'
    'REQUEST_SCHEME' => 'http'
    'CONTEXT_PREFIX' => ''
    'CONTEXT_DOCUMENT_ROOT' => 'C:/xampp/htdocs'
    'SERVER_ADMIN' => 'postmaster@localhost'
    'SCRIPT_FILENAME' => 'C:/xampp/htdocs/inlislite3/backend/index.php'
    'REMOTE_PORT' => '52784'
    'REDIRECT_URL' => 'http://localhost:8123/inlislite3/backend/member/member/create'
    'GATEWAY_INTERFACE' => 'CGI/1.1'
    'SERVER_PROTOCOL' => 'HTTP/1.1'
    'REQUEST_METHOD' => 'GET'
    'QUERY_STRING' => ''
    'REQUEST_URI' => '/inlislite3/backend/member/member/create'
    'SCRIPT_NAME' => '/inlislite3/backend/index.php'
    'PHP_SELF' => '/inlislite3/backend/index.php'
    'REQUEST_TIME_FLOAT' => 1721111606.538
    'REQUEST_TIME' => 1721111606
]
2024-07-16 13:34:11 [::1][33][-][error][yii\i18n\PhpMessageSource::loadFallbackMessages] The message file for category 'kvdate' does not exist: C:\xampp\htdocs\inlislite3\vendor\kartik-v\yii2-widget-datepicker/messages/idn/kvdate.php Fallback file does not exist as well: C:\xampp\htdocs\inlislite3\vendor\kartik-v\yii2-widget-datepicker/messages/id/kvdate.php
    in C:\xampp\htdocs\inlislite3\vendor\kartik-v\yii2-widget-datepicker\DatePicker.php:290
    in C:\xampp\htdocs\inlislite3\vendor\kartik-v\yii2-widget-datepicker\DatePicker.php:316
    in C:\xampp\htdocs\inlislite3\vendor\kartik-v\yii2-widget-datepicker\DatePicker.php:266
2024-07-16 13:34:11 [::1][33][-][info][application] $_COOKIE = [
    'mailpoet_subscriber' => '{\"subscriber_id\":1}'
    'mailpoet_page_view' => '{\"timestamp\":1686724796}'
    'PHPSESSID' => '9q73hkcfsk52gqp31skm40l6h6'
    '_csrf' => '214e5161ef2d67fa9974bc612e2bdafaf34688b8d776bd4a384f59a69e8e1d21a:2:{i:0;s:5:\"_csrf\";i:1;s:32:\"KPZ6gxiZm-I3ZkXUBf5ZKScrVy7fqniE\";}'
    'keanggotaanSession' => 'ck2iqhq5aq97209nfuogageti0'
    '_ArticleInlislite' => '10f0413afc854d72cbc08a77e2953882d171b6febaba355bd6bb1cb5594dea2ca:2:{i:0;s:17:\"_ArticleInlislite\";i:1;s:32:\"Q6f4DAlcUuSZ9FSvVnC3Syx19GWk-qSh\";}'
    '_OpacInlislite' => '960ec45237b3569117b3363112ffc60352be04d4ac73dea1be44b5db655976cea:2:{i:0;s:14:\"_OpacInlislite\";i:1;s:32:\"2tF3bnu53DRtOufflI8rmdisprvGKeUD\";}'
    '_LKDInlislite' => '2d312e4e5dd799ae77cc7248d5dd95856666206dc8b3a9133344c2e7a50c2737a:2:{i:0;s:13:\"_LKDInlislite\";i:1;s:32:\"SlOaF6ip1Db4W2Y5RkK22dYRHzY_gVm0\";}'
    '_backendInlislite' => '2b76d462e18bdc4ce8bdf00a7648a89686aaf56ba0578bb4c2d51773976a8679a:2:{i:0;s:17:\"_backendInlislite\";i:1;s:32:\"420-Eitx85zLCHwqF8e_4DgNxp2cBgwS\";}'
    'backendSession' => 'k7v43odbd851qr53h9e1hflf62'
    '_identity' => 'af3e2a0e951dec577795a0c5ffd91cd682a11d709a13aa959f261807f7b4af33a:2:{i:0;s:9:\"_identity\";i:1;s:17:\"[33,null,2592000]\";}'
]

$_SESSION = [
    '__flash' => []
    '__returnUrl' => '/inlislite3/backend/member/member/index'
    'location' => '1'
    '__id' => 33
]

$_SERVER = [
    'REDIRECT_MIBDIRS' => 'C:/xampp/php/extras/mibs'
    'REDIRECT_MYSQL_HOME' => '\\xampp\\mysql\\bin'
    'REDIRECT_OPENSSL_CONF' => 'C:/xampp/apache/bin/openssl.cnf'
    'REDIRECT_PHP_PEAR_SYSCONF_DIR' => '\\xampp\\php'
    'REDIRECT_PHPRC' => '\\xampp\\php'
    'REDIRECT_TMP' => '\\xampp\\tmp'
    'REDIRECT_STATUS' => '200'
    'MIBDIRS' => 'C:/xampp/php/extras/mibs'
    'MYSQL_HOME' => '\\xampp\\mysql\\bin'
    'OPENSSL_CONF' => 'C:/xampp/apache/bin/openssl.cnf'
    'PHP_PEAR_SYSCONF_DIR' => '\\xampp\\php'
    'PHPRC' => '\\xampp\\php'
    'TMP' => '\\xampp\\tmp'
    'HTTP_HOST' => 'localhost:8123'
    'HTTP_CONNECTION' => 'keep-alive'
    'HTTP_SEC_CH_UA' => '\"Not/A)Brand\";v=\"8\", \"Chromium\";v=\"126\", \"Microsoft Edge\";v=\"126\"'
    'HTTP_SEC_CH_UA_MOBILE' => '?0'
    'HTTP_SEC_CH_UA_PLATFORM' => '\"Windows\"'
    'HTTP_UPGRADE_INSECURE_REQUESTS' => '1'
    'HTTP_USER_AGENT' => 'Mozilla/5.0 (Windows NT 10.0; Win64; x64) AppleWebKit/537.36 (KHTML, like Gecko) Chrome/126.0.0.0 Safari/537.36 Edg/126.0.0.0'
    'HTTP_ACCEPT' => 'text/html,application/xhtml+xml,application/xml;q=0.9,image/avif,image/webp,image/apng,*/*;q=0.8,application/signed-exchange;v=b3;q=0.7'
    'HTTP_SEC_FETCH_SITE' => 'same-origin'
    'HTTP_SEC_FETCH_MODE' => 'navigate'
    'HTTP_SEC_FETCH_USER' => '?1'
    'HTTP_SEC_FETCH_DEST' => 'document'
    'HTTP_REFERER' => 'http://localhost:8123/inlislite3/backend/loker/transaksi/peminjaman'
    'HTTP_ACCEPT_ENCODING' => 'gzip, deflate, br, zstd'
    'HTTP_ACCEPT_LANGUAGE' => 'id,en;q=0.9,en-GB;q=0.8,en-US;q=0.7'
    'HTTP_COOKIE' => 'mailpoet_subscriber=%7B%22subscriber_id%22%3A1%7D; mailpoet_page_view=%7B%22timestamp%22%3A1686724796%7D; PHPSESSID=9q73hkcfsk52gqp31skm40l6h6; _csrf=214e5161ef2d67fa9974bc612e2bdafaf34688b8d776bd4a384f59a69e8e1d21a%3A2%3A%7Bi%3A0%3Bs%3A5%3A%22_csrf%22%3Bi%3A1%3Bs%3A32%3A%22KPZ6gxiZm-I3ZkXUBf5ZKScrVy7fqniE%22%3B%7D; keanggotaanSession=ck2iqhq5aq97209nfuogageti0; _ArticleInlislite=10f0413afc854d72cbc08a77e2953882d171b6febaba355bd6bb1cb5594dea2ca%3A2%3A%7Bi%3A0%3Bs%3A17%3A%22_ArticleInlislite%22%3Bi%3A1%3Bs%3A32%3A%22Q6f4DAlcUuSZ9FSvVnC3Syx19GWk-qSh%22%3B%7D; _OpacInlislite=960ec45237b3569117b3363112ffc60352be04d4ac73dea1be44b5db655976cea%3A2%3A%7Bi%3A0%3Bs%3A14%3A%22_OpacInlislite%22%3Bi%3A1%3Bs%3A32%3A%222tF3bnu53DRtOufflI8rmdisprvGKeUD%22%3B%7D; _LKDInlislite=2d312e4e5dd799ae77cc7248d5dd95856666206dc8b3a9133344c2e7a50c2737a%3A2%3A%7Bi%3A0%3Bs%3A13%3A%22_LKDInlislite%22%3Bi%3A1%3Bs%3A32%3A%22SlOaF6ip1Db4W2Y5RkK22dYRHzY_gVm0%22%3B%7D; _backendInlislite=2b76d462e18bdc4ce8bdf00a7648a89686aaf56ba0578bb4c2d51773976a8679a%3A2%3A%7Bi%3A0%3Bs%3A17%3A%22_backendInlislite%22%3Bi%3A1%3Bs%3A32%3A%22420-Eitx85zLCHwqF8e_4DgNxp2cBgwS%22%3B%7D; backendSession=k7v43odbd851qr53h9e1hflf62; _identity=af3e2a0e951dec577795a0c5ffd91cd682a11d709a13aa959f261807f7b4af33a%3A2%3A%7Bi%3A0%3Bs%3A9%3A%22_identity%22%3Bi%3A1%3Bs%3A17%3A%22%5B33%2Cnull%2C2592000%5D%22%3B%7D'
    'PATH' => 'C:\\Program Files\\Common Files\\Oracle\\Java\\javapath;C:\\Program Files (x86)\\Common Files\\Oracle\\Java\\javapath;C:\\Windows\\system32;C:\\Windows;C:\\Windows\\System32\\Wbem;C:\\Windows\\System32\\WindowsPowerShell\\v1.0\\;C:\\Windows\\System32\\OpenSSH\\;C:\\Program Files (x86)\\NVIDIA Corporation\\PhysX\\Common;C:\\Program Files\\NVIDIA Corporation\\NVIDIA NvDLISR;C:\\WINDOWS\\system32;C:\\WINDOWS;C:\\WINDOWS\\System32\\Wbem;C:\\WINDOWS\\System32\\WindowsPowerShell\\v1.0\\;C:\\WINDOWS\\System32\\OpenSSH\\;C:\\Program Files\\dotnet\\;C:\\MinGW\\bin;C:\\xampp\\php;C:\\Program Files\\Git\\cmd;C:\\composer;C:\\Users\\panjo\\AppData\\Local\\Microsoft\\WindowsApps;C:\\Users\\panjo\\AppData\\Local\\Programs\\Microsoft VS Code\\bin;C:\\Users\\panjo\\AppData\\Local\\GitHubDesktop\\bin;C:\\Users\\panjo\\AppData\\Roaming\\Composer\\vendor\\bin'
    'SystemRoot' => 'C:\\WINDOWS'
    'COMSPEC' => 'C:\\WINDOWS\\system32\\cmd.exe'
    'PATHEXT' => '.COM;.EXE;.BAT;.CMD;.VBS;.VBE;.JS;.JSE;.WSF;.WSH;.MSC'
    'WINDIR' => 'C:\\WINDOWS'
    'SERVER_SIGNATURE' => '<address>Apache/2.4.17 (Win32) OpenSSL/1.0.2d PHP/5.6.19 Server at localhost Port 8123</address>
'
    'SERVER_SOFTWARE' => 'Apache/2.4.17 (Win32) OpenSSL/1.0.2d PHP/5.6.19'
    'SERVER_NAME' => 'localhost'
    'SERVER_ADDR' => '::1'
    'SERVER_PORT' => '8123'
    'REMOTE_ADDR' => '::1'
    'DOCUMENT_ROOT' => 'C:/xampp/htdocs'
    'REQUEST_SCHEME' => 'http'
    'CONTEXT_PREFIX' => ''
    'CONTEXT_DOCUMENT_ROOT' => 'C:/xampp/htdocs'
    'SERVER_ADMIN' => 'postmaster@localhost'
    'SCRIPT_FILENAME' => 'C:/xampp/htdocs/inlislite3/backend/index.php'
    'REMOTE_PORT' => '52815'
    'REDIRECT_URL' => 'http://localhost:8123/inlislite3/backend/setting/checkpoint/memberguesses/anggota'
    'GATEWAY_INTERFACE' => 'CGI/1.1'
    'SERVER_PROTOCOL' => 'HTTP/1.1'
    'REQUEST_METHOD' => 'GET'
    'QUERY_STRING' => ''
    'REQUEST_URI' => '/inlislite3/backend/setting/checkpoint/memberguesses/anggota'
    'SCRIPT_NAME' => '/inlislite3/backend/index.php'
    'PHP_SELF' => '/inlislite3/backend/index.php'
    'REQUEST_TIME_FLOAT' => 1721111651.352
    'REQUEST_TIME' => 1721111651
]
2024-07-16 13:34:48 [::1][33][-][error][yii\i18n\PhpMessageSource::loadFallbackMessages] The message file for category 'kvdate' does not exist: C:\xampp\htdocs\inlislite3\vendor\kartik-v\yii2-widget-datepicker/messages/idn/kvdate.php Fallback file does not exist as well: C:\xampp\htdocs\inlislite3\vendor\kartik-v\yii2-widget-datepicker/messages/id/kvdate.php
    in C:\xampp\htdocs\inlislite3\vendor\kartik-v\yii2-widget-datepicker\DatePicker.php:290
    in C:\xampp\htdocs\inlislite3\vendor\kartik-v\yii2-widget-datepicker\DatePicker.php:316
    in C:\xampp\htdocs\inlislite3\vendor\kartik-v\yii2-widget-datepicker\DatePicker.php:266
2024-07-16 13:34:48 [::1][33][-][info][application] $_COOKIE = [
    'mailpoet_subscriber' => '{\"subscriber_id\":1}'
    'mailpoet_page_view' => '{\"timestamp\":1686724796}'
    'PHPSESSID' => '9q73hkcfsk52gqp31skm40l6h6'
    '_csrf' => '214e5161ef2d67fa9974bc612e2bdafaf34688b8d776bd4a384f59a69e8e1d21a:2:{i:0;s:5:\"_csrf\";i:1;s:32:\"KPZ6gxiZm-I3ZkXUBf5ZKScrVy7fqniE\";}'
    'keanggotaanSession' => 'ck2iqhq5aq97209nfuogageti0'
    '_ArticleInlislite' => '10f0413afc854d72cbc08a77e2953882d171b6febaba355bd6bb1cb5594dea2ca:2:{i:0;s:17:\"_ArticleInlislite\";i:1;s:32:\"Q6f4DAlcUuSZ9FSvVnC3Syx19GWk-qSh\";}'
    '_OpacInlislite' => '960ec45237b3569117b3363112ffc60352be04d4ac73dea1be44b5db655976cea:2:{i:0;s:14:\"_OpacInlislite\";i:1;s:32:\"2tF3bnu53DRtOufflI8rmdisprvGKeUD\";}'
    '_LKDInlislite' => '2d312e4e5dd799ae77cc7248d5dd95856666206dc8b3a9133344c2e7a50c2737a:2:{i:0;s:13:\"_LKDInlislite\";i:1;s:32:\"SlOaF6ip1Db4W2Y5RkK22dYRHzY_gVm0\";}'
    '_backendInlislite' => '2b76d462e18bdc4ce8bdf00a7648a89686aaf56ba0578bb4c2d51773976a8679a:2:{i:0;s:17:\"_backendInlislite\";i:1;s:32:\"420-Eitx85zLCHwqF8e_4DgNxp2cBgwS\";}'
    'backendSession' => 'k7v43odbd851qr53h9e1hflf62'
    '_identity' => 'af3e2a0e951dec577795a0c5ffd91cd682a11d709a13aa959f261807f7b4af33a:2:{i:0;s:9:\"_identity\";i:1;s:17:\"[33,null,2592000]\";}'
]

$_SESSION = [
    '__flash' => []
    '__returnUrl' => '/inlislite3/backend/member/member/index'
    'location' => '1'
    '__id' => 33
]

$_SERVER = [
    'REDIRECT_MIBDIRS' => 'C:/xampp/php/extras/mibs'
    'REDIRECT_MYSQL_HOME' => '\\xampp\\mysql\\bin'
    'REDIRECT_OPENSSL_CONF' => 'C:/xampp/apache/bin/openssl.cnf'
    'REDIRECT_PHP_PEAR_SYSCONF_DIR' => '\\xampp\\php'
    'REDIRECT_PHPRC' => '\\xampp\\php'
    'REDIRECT_TMP' => '\\xampp\\tmp'
    'REDIRECT_STATUS' => '200'
    'MIBDIRS' => 'C:/xampp/php/extras/mibs'
    'MYSQL_HOME' => '\\xampp\\mysql\\bin'
    'OPENSSL_CONF' => 'C:/xampp/apache/bin/openssl.cnf'
    'PHP_PEAR_SYSCONF_DIR' => '\\xampp\\php'
    'PHPRC' => '\\xampp\\php'
    'TMP' => '\\xampp\\tmp'
    'HTTP_HOST' => 'localhost:8123'
    'HTTP_CONNECTION' => 'keep-alive'
    'HTTP_SEC_CH_UA' => '\"Not/A)Brand\";v=\"8\", \"Chromium\";v=\"126\", \"Microsoft Edge\";v=\"126\"'
    'HTTP_SEC_CH_UA_MOBILE' => '?0'
    'HTTP_SEC_CH_UA_PLATFORM' => '\"Windows\"'
    'HTTP_UPGRADE_INSECURE_REQUESTS' => '1'
    'HTTP_USER_AGENT' => 'Mozilla/5.0 (Windows NT 10.0; Win64; x64) AppleWebKit/537.36 (KHTML, like Gecko) Chrome/126.0.0.0 Safari/537.36 Edg/126.0.0.0'
    'HTTP_ACCEPT' => 'text/html,application/xhtml+xml,application/xml;q=0.9,image/avif,image/webp,image/apng,*/*;q=0.8,application/signed-exchange;v=b3;q=0.7'
    'HTTP_SEC_FETCH_SITE' => 'same-origin'
    'HTTP_SEC_FETCH_MODE' => 'navigate'
    'HTTP_SEC_FETCH_USER' => '?1'
    'HTTP_SEC_FETCH_DEST' => 'document'
    'HTTP_REFERER' => 'http://localhost:8123/inlislite3/backend/setting/checkpoint/memberguesses/anggota'
    'HTTP_ACCEPT_ENCODING' => 'gzip, deflate, br, zstd'
    'HTTP_ACCEPT_LANGUAGE' => 'id,en;q=0.9,en-GB;q=0.8,en-US;q=0.7'
    'HTTP_COOKIE' => 'mailpoet_subscriber=%7B%22subscriber_id%22%3A1%7D; mailpoet_page_view=%7B%22timestamp%22%3A1686724796%7D; PHPSESSID=9q73hkcfsk52gqp31skm40l6h6; _csrf=214e5161ef2d67fa9974bc612e2bdafaf34688b8d776bd4a384f59a69e8e1d21a%3A2%3A%7Bi%3A0%3Bs%3A5%3A%22_csrf%22%3Bi%3A1%3Bs%3A32%3A%22KPZ6gxiZm-I3ZkXUBf5ZKScrVy7fqniE%22%3B%7D; keanggotaanSession=ck2iqhq5aq97209nfuogageti0; _ArticleInlislite=10f0413afc854d72cbc08a77e2953882d171b6febaba355bd6bb1cb5594dea2ca%3A2%3A%7Bi%3A0%3Bs%3A17%3A%22_ArticleInlislite%22%3Bi%3A1%3Bs%3A32%3A%22Q6f4DAlcUuSZ9FSvVnC3Syx19GWk-qSh%22%3B%7D; _OpacInlislite=960ec45237b3569117b3363112ffc60352be04d4ac73dea1be44b5db655976cea%3A2%3A%7Bi%3A0%3Bs%3A14%3A%22_OpacInlislite%22%3Bi%3A1%3Bs%3A32%3A%222tF3bnu53DRtOufflI8rmdisprvGKeUD%22%3B%7D; _LKDInlislite=2d312e4e5dd799ae77cc7248d5dd95856666206dc8b3a9133344c2e7a50c2737a%3A2%3A%7Bi%3A0%3Bs%3A13%3A%22_LKDInlislite%22%3Bi%3A1%3Bs%3A32%3A%22SlOaF6ip1Db4W2Y5RkK22dYRHzY_gVm0%22%3B%7D; _backendInlislite=2b76d462e18bdc4ce8bdf00a7648a89686aaf56ba0578bb4c2d51773976a8679a%3A2%3A%7Bi%3A0%3Bs%3A17%3A%22_backendInlislite%22%3Bi%3A1%3Bs%3A32%3A%22420-Eitx85zLCHwqF8e_4DgNxp2cBgwS%22%3B%7D; backendSession=k7v43odbd851qr53h9e1hflf62; _identity=af3e2a0e951dec577795a0c5ffd91cd682a11d709a13aa959f261807f7b4af33a%3A2%3A%7Bi%3A0%3Bs%3A9%3A%22_identity%22%3Bi%3A1%3Bs%3A17%3A%22%5B33%2Cnull%2C2592000%5D%22%3B%7D'
    'PATH' => 'C:\\Program Files\\Common Files\\Oracle\\Java\\javapath;C:\\Program Files (x86)\\Common Files\\Oracle\\Java\\javapath;C:\\Windows\\system32;C:\\Windows;C:\\Windows\\System32\\Wbem;C:\\Windows\\System32\\WindowsPowerShell\\v1.0\\;C:\\Windows\\System32\\OpenSSH\\;C:\\Program Files (x86)\\NVIDIA Corporation\\PhysX\\Common;C:\\Program Files\\NVIDIA Corporation\\NVIDIA NvDLISR;C:\\WINDOWS\\system32;C:\\WINDOWS;C:\\WINDOWS\\System32\\Wbem;C:\\WINDOWS\\System32\\WindowsPowerShell\\v1.0\\;C:\\WINDOWS\\System32\\OpenSSH\\;C:\\Program Files\\dotnet\\;C:\\MinGW\\bin;C:\\xampp\\php;C:\\Program Files\\Git\\cmd;C:\\composer;C:\\Users\\panjo\\AppData\\Local\\Microsoft\\WindowsApps;C:\\Users\\panjo\\AppData\\Local\\Programs\\Microsoft VS Code\\bin;C:\\Users\\panjo\\AppData\\Local\\GitHubDesktop\\bin;C:\\Users\\panjo\\AppData\\Roaming\\Composer\\vendor\\bin'
    'SystemRoot' => 'C:\\WINDOWS'
    'COMSPEC' => 'C:\\WINDOWS\\system32\\cmd.exe'
    'PATHEXT' => '.COM;.EXE;.BAT;.CMD;.VBS;.VBE;.JS;.JSE;.WSF;.WSH;.MSC'
    'WINDIR' => 'C:\\WINDOWS'
    'SERVER_SIGNATURE' => '<address>Apache/2.4.17 (Win32) OpenSSL/1.0.2d PHP/5.6.19 Server at localhost Port 8123</address>
'
    'SERVER_SOFTWARE' => 'Apache/2.4.17 (Win32) OpenSSL/1.0.2d PHP/5.6.19'
    'SERVER_NAME' => 'localhost'
    'SERVER_ADDR' => '::1'
    'SERVER_PORT' => '8123'
    'REMOTE_ADDR' => '::1'
    'DOCUMENT_ROOT' => 'C:/xampp/htdocs'
    'REQUEST_SCHEME' => 'http'
    'CONTEXT_PREFIX' => ''
    'CONTEXT_DOCUMENT_ROOT' => 'C:/xampp/htdocs'
    'SERVER_ADMIN' => 'postmaster@localhost'
    'SCRIPT_FILENAME' => 'C:/xampp/htdocs/inlislite3/backend/index.php'
    'REMOTE_PORT' => '52860'
    'REDIRECT_URL' => 'http://localhost:8123/inlislite3/backend/member/member/create'
    'GATEWAY_INTERFACE' => 'CGI/1.1'
    'SERVER_PROTOCOL' => 'HTTP/1.1'
    'REQUEST_METHOD' => 'GET'
    'QUERY_STRING' => ''
    'REQUEST_URI' => '/inlislite3/backend/member/member/create'
    'SCRIPT_NAME' => '/inlislite3/backend/index.php'
    'PHP_SELF' => '/inlislite3/backend/index.php'
    'REQUEST_TIME_FLOAT' => 1721111688.222
    'REQUEST_TIME' => 1721111688
]
2024-07-16 14:13:58 [::1][33][-][error][yii\i18n\PhpMessageSource::loadFallbackMessages] The message file for category 'kvdate' does not exist: C:\xampp\htdocs\inlislite3\vendor\kartik-v\yii2-widget-datepicker/messages/idn/kvdate.php Fallback file does not exist as well: C:\xampp\htdocs\inlislite3\vendor\kartik-v\yii2-widget-datepicker/messages/id/kvdate.php
    in C:\xampp\htdocs\inlislite3\vendor\kartik-v\yii2-widget-datepicker\DatePicker.php:290
    in C:\xampp\htdocs\inlislite3\vendor\kartik-v\yii2-widget-datepicker\DatePicker.php:316
    in C:\xampp\htdocs\inlislite3\vendor\kartik-v\yii2-widget-datepicker\DatePicker.php:266
2024-07-16 14:13:58 [::1][33][-][info][application] $_GET = [
    'for' => 'coll'
    'rda' => '0'
    'dep' => '1'
]

$_COOKIE = [
    'mailpoet_subscriber' => '{\"subscriber_id\":1}'
    'mailpoet_page_view' => '{\"timestamp\":1686724796}'
    'PHPSESSID' => '9q73hkcfsk52gqp31skm40l6h6'
    '_csrf' => '214e5161ef2d67fa9974bc612e2bdafaf34688b8d776bd4a384f59a69e8e1d21a:2:{i:0;s:5:\"_csrf\";i:1;s:32:\"KPZ6gxiZm-I3ZkXUBf5ZKScrVy7fqniE\";}'
    '_ArticleInlislite' => '10f0413afc854d72cbc08a77e2953882d171b6febaba355bd6bb1cb5594dea2ca:2:{i:0;s:17:\"_ArticleInlislite\";i:1;s:32:\"Q6f4DAlcUuSZ9FSvVnC3Syx19GWk-qSh\";}'
    '_OpacInlislite' => '960ec45237b3569117b3363112ffc60352be04d4ac73dea1be44b5db655976cea:2:{i:0;s:14:\"_OpacInlislite\";i:1;s:32:\"2tF3bnu53DRtOufflI8rmdisprvGKeUD\";}'
    '_LKDInlislite' => '2d312e4e5dd799ae77cc7248d5dd95856666206dc8b3a9133344c2e7a50c2737a:2:{i:0;s:13:\"_LKDInlislite\";i:1;s:32:\"SlOaF6ip1Db4W2Y5RkK22dYRHzY_gVm0\";}'
    '_backendInlislite' => '2b76d462e18bdc4ce8bdf00a7648a89686aaf56ba0578bb4c2d51773976a8679a:2:{i:0;s:17:\"_backendInlislite\";i:1;s:32:\"420-Eitx85zLCHwqF8e_4DgNxp2cBgwS\";}'
    'backendSession' => 'k7v43odbd851qr53h9e1hflf62'
    '_identity' => 'af3e2a0e951dec577795a0c5ffd91cd682a11d709a13aa959f261807f7b4af33a:2:{i:0;s:9:\"_identity\";i:1;s:17:\"[33,null,2592000]\";}'
    'keanggotaanSession' => 'tetbpo9r37gpuico1f0508dvo2'
]

$_SESSION = [
    '__flash' => []
    '__returnUrl' => '/inlislite3/backend/member/member/index'
    'location' => '1'
    '__id' => 33
    'taglist' => []
    'SessCatalogTabActive' => null
]

$_SERVER = [
    'REDIRECT_MIBDIRS' => 'C:/xampp/php/extras/mibs'
    'REDIRECT_MYSQL_HOME' => '\\xampp\\mysql\\bin'
    'REDIRECT_OPENSSL_CONF' => 'C:/xampp/apache/bin/openssl.cnf'
    'REDIRECT_PHP_PEAR_SYSCONF_DIR' => '\\xampp\\php'
    'REDIRECT_PHPRC' => '\\xampp\\php'
    'REDIRECT_TMP' => '\\xampp\\tmp'
    'REDIRECT_STATUS' => '200'
    'MIBDIRS' => 'C:/xampp/php/extras/mibs'
    'MYSQL_HOME' => '\\xampp\\mysql\\bin'
    'OPENSSL_CONF' => 'C:/xampp/apache/bin/openssl.cnf'
    'PHP_PEAR_SYSCONF_DIR' => '\\xampp\\php'
    'PHPRC' => '\\xampp\\php'
    'TMP' => '\\xampp\\tmp'
    'HTTP_HOST' => 'localhost:8123'
    'HTTP_CONNECTION' => 'keep-alive'
    'HTTP_UPGRADE_INSECURE_REQUESTS' => '1'
    'HTTP_USER_AGENT' => 'Mozilla/5.0 (Windows NT 10.0; Win64; x64) AppleWebKit/537.36 (KHTML, like Gecko) Chrome/126.0.0.0 Safari/537.36 Edg/126.0.0.0'
    'HTTP_ACCEPT' => 'text/html,application/xhtml+xml,application/xml;q=0.9,image/avif,image/webp,image/apng,*/*;q=0.8,application/signed-exchange;v=b3;q=0.7'
    'HTTP_SEC_FETCH_SITE' => 'same-origin'
    'HTTP_SEC_FETCH_MODE' => 'navigate'
    'HTTP_SEC_FETCH_USER' => '?1'
    'HTTP_SEC_FETCH_DEST' => 'document'
    'HTTP_SEC_CH_UA' => '\"Not/A)Brand\";v=\"8\", \"Chromium\";v=\"126\", \"Microsoft Edge\";v=\"126\"'
    'HTTP_SEC_CH_UA_MOBILE' => '?0'
    'HTTP_SEC_CH_UA_PLATFORM' => '\"Windows\"'
    'HTTP_REFERER' => 'http://localhost:8123/inlislite3/backend/pengkatalogan/katalog/keranjang'
    'HTTP_ACCEPT_ENCODING' => 'gzip, deflate, br, zstd'
    'HTTP_ACCEPT_LANGUAGE' => 'id,en;q=0.9,en-GB;q=0.8,en-US;q=0.7'
    'HTTP_COOKIE' => 'mailpoet_subscriber=%7B%22subscriber_id%22%3A1%7D; mailpoet_page_view=%7B%22timestamp%22%3A1686724796%7D; PHPSESSID=9q73hkcfsk52gqp31skm40l6h6; _csrf=214e5161ef2d67fa9974bc612e2bdafaf34688b8d776bd4a384f59a69e8e1d21a%3A2%3A%7Bi%3A0%3Bs%3A5%3A%22_csrf%22%3Bi%3A1%3Bs%3A32%3A%22KPZ6gxiZm-I3ZkXUBf5ZKScrVy7fqniE%22%3B%7D; _ArticleInlislite=10f0413afc854d72cbc08a77e2953882d171b6febaba355bd6bb1cb5594dea2ca%3A2%3A%7Bi%3A0%3Bs%3A17%3A%22_ArticleInlislite%22%3Bi%3A1%3Bs%3A32%3A%22Q6f4DAlcUuSZ9FSvVnC3Syx19GWk-qSh%22%3B%7D; _OpacInlislite=960ec45237b3569117b3363112ffc60352be04d4ac73dea1be44b5db655976cea%3A2%3A%7Bi%3A0%3Bs%3A14%3A%22_OpacInlislite%22%3Bi%3A1%3Bs%3A32%3A%222tF3bnu53DRtOufflI8rmdisprvGKeUD%22%3B%7D; _LKDInlislite=2d312e4e5dd799ae77cc7248d5dd95856666206dc8b3a9133344c2e7a50c2737a%3A2%3A%7Bi%3A0%3Bs%3A13%3A%22_LKDInlislite%22%3Bi%3A1%3Bs%3A32%3A%22SlOaF6ip1Db4W2Y5RkK22dYRHzY_gVm0%22%3B%7D; _backendInlislite=2b76d462e18bdc4ce8bdf00a7648a89686aaf56ba0578bb4c2d51773976a8679a%3A2%3A%7Bi%3A0%3Bs%3A17%3A%22_backendInlislite%22%3Bi%3A1%3Bs%3A32%3A%22420-Eitx85zLCHwqF8e_4DgNxp2cBgwS%22%3B%7D; backendSession=k7v43odbd851qr53h9e1hflf62; _identity=af3e2a0e951dec577795a0c5ffd91cd682a11d709a13aa959f261807f7b4af33a%3A2%3A%7Bi%3A0%3Bs%3A9%3A%22_identity%22%3Bi%3A1%3Bs%3A17%3A%22%5B33%2Cnull%2C2592000%5D%22%3B%7D; keanggotaanSession=tetbpo9r37gpuico1f0508dvo2'
    'PATH' => 'C:\\Program Files\\Common Files\\Oracle\\Java\\javapath;C:\\Program Files (x86)\\Common Files\\Oracle\\Java\\javapath;C:\\Windows\\system32;C:\\Windows;C:\\Windows\\System32\\Wbem;C:\\Windows\\System32\\WindowsPowerShell\\v1.0\\;C:\\Windows\\System32\\OpenSSH\\;C:\\Program Files (x86)\\NVIDIA Corporation\\PhysX\\Common;C:\\Program Files\\NVIDIA Corporation\\NVIDIA NvDLISR;C:\\WINDOWS\\system32;C:\\WINDOWS;C:\\WINDOWS\\System32\\Wbem;C:\\WINDOWS\\System32\\WindowsPowerShell\\v1.0\\;C:\\WINDOWS\\System32\\OpenSSH\\;C:\\Program Files\\dotnet\\;C:\\MinGW\\bin;C:\\xampp\\php;C:\\Program Files\\Git\\cmd;C:\\composer;C:\\Users\\panjo\\AppData\\Local\\Microsoft\\WindowsApps;C:\\Users\\panjo\\AppData\\Local\\Programs\\Microsoft VS Code\\bin;C:\\Users\\panjo\\AppData\\Local\\GitHubDesktop\\bin;C:\\Users\\panjo\\AppData\\Roaming\\Composer\\vendor\\bin'
    'SystemRoot' => 'C:\\WINDOWS'
    'COMSPEC' => 'C:\\WINDOWS\\system32\\cmd.exe'
    'PATHEXT' => '.COM;.EXE;.BAT;.CMD;.VBS;.VBE;.JS;.JSE;.WSF;.WSH;.MSC'
    'WINDIR' => 'C:\\WINDOWS'
    'SERVER_SIGNATURE' => '<address>Apache/2.4.17 (Win32) OpenSSL/1.0.2d PHP/5.6.19 Server at localhost Port 8123</address>
'
    'SERVER_SOFTWARE' => 'Apache/2.4.17 (Win32) OpenSSL/1.0.2d PHP/5.6.19'
    'SERVER_NAME' => 'localhost'
    'SERVER_ADDR' => '::1'
    'SERVER_PORT' => '8123'
    'REMOTE_ADDR' => '::1'
    'DOCUMENT_ROOT' => 'C:/xampp/htdocs'
    'REQUEST_SCHEME' => 'http'
    'CONTEXT_PREFIX' => ''
    'CONTEXT_DOCUMENT_ROOT' => 'C:/xampp/htdocs'
    'SERVER_ADMIN' => 'postmaster@localhost'
    'SCRIPT_FILENAME' => 'C:/xampp/htdocs/inlislite3/backend/index.php'
    'REMOTE_PORT' => '53453'
    'REDIRECT_QUERY_STRING' => 'for=coll&rda=0&dep=1'
    'REDIRECT_URL' => 'http://localhost:8123/inlislite3/backend/pengkatalogan/katalog/create-deposit?for=coll&rda=0&dep=1'
    'GATEWAY_INTERFACE' => 'CGI/1.1'
    'SERVER_PROTOCOL' => 'HTTP/1.1'
    'REQUEST_METHOD' => 'GET'
    'QUERY_STRING' => 'for=coll&rda=0&dep=1'
    'REQUEST_URI' => '/inlislite3/backend/pengkatalogan/katalog/create-deposit?for=coll&rda=0&dep=1'
    'SCRIPT_NAME' => '/inlislite3/backend/index.php'
    'PHP_SELF' => '/inlislite3/backend/index.php'
    'REQUEST_TIME_FLOAT' => 1721114038.169
    'REQUEST_TIME' => 1721114038
]
2024-07-16 14:18:45 [::1][33][-][error][yii\i18n\PhpMessageSource::loadFallbackMessages] The message file for category 'kvdate' does not exist: C:\xampp\htdocs\inlislite3\vendor\kartik-v\yii2-widget-datepicker/messages/idn/kvdate.php Fallback file does not exist as well: C:\xampp\htdocs\inlislite3\vendor\kartik-v\yii2-widget-datepicker/messages/id/kvdate.php
    in C:\xampp\htdocs\inlislite3\vendor\kartik-v\yii2-widget-datepicker\DatePicker.php:290
    in C:\xampp\htdocs\inlislite3\vendor\kartik-v\yii2-widget-datepicker\DatePicker.php:316
    in C:\xampp\htdocs\inlislite3\vendor\kartik-v\yii2-widget-datepicker\DatePicker.php:266
2024-07-16 14:18:45 [::1][33][-][info][application] $_GET = [
    'for' => 'coll'
    'rda' => '0'
]

$_COOKIE = [
    'mailpoet_subscriber' => '{\"subscriber_id\":1}'
    'mailpoet_page_view' => '{\"timestamp\":1686724796}'
    'PHPSESSID' => '9q73hkcfsk52gqp31skm40l6h6'
    '_csrf' => '214e5161ef2d67fa9974bc612e2bdafaf34688b8d776bd4a384f59a69e8e1d21a:2:{i:0;s:5:\"_csrf\";i:1;s:32:\"KPZ6gxiZm-I3ZkXUBf5ZKScrVy7fqniE\";}'
    '_ArticleInlislite' => '10f0413afc854d72cbc08a77e2953882d171b6febaba355bd6bb1cb5594dea2ca:2:{i:0;s:17:\"_ArticleInlislite\";i:1;s:32:\"Q6f4DAlcUuSZ9FSvVnC3Syx19GWk-qSh\";}'
    '_OpacInlislite' => '960ec45237b3569117b3363112ffc60352be04d4ac73dea1be44b5db655976cea:2:{i:0;s:14:\"_OpacInlislite\";i:1;s:32:\"2tF3bnu53DRtOufflI8rmdisprvGKeUD\";}'
    '_LKDInlislite' => '2d312e4e5dd799ae77cc7248d5dd95856666206dc8b3a9133344c2e7a50c2737a:2:{i:0;s:13:\"_LKDInlislite\";i:1;s:32:\"SlOaF6ip1Db4W2Y5RkK22dYRHzY_gVm0\";}'
    '_backendInlislite' => '2b76d462e18bdc4ce8bdf00a7648a89686aaf56ba0578bb4c2d51773976a8679a:2:{i:0;s:17:\"_backendInlislite\";i:1;s:32:\"420-Eitx85zLCHwqF8e_4DgNxp2cBgwS\";}'
    'backendSession' => 'k7v43odbd851qr53h9e1hflf62'
    '_identity' => 'af3e2a0e951dec577795a0c5ffd91cd682a11d709a13aa959f261807f7b4af33a:2:{i:0;s:9:\"_identity\";i:1;s:17:\"[33,null,2592000]\";}'
    'keanggotaanSession' => 'tetbpo9r37gpuico1f0508dvo2'
    'peminjamanmandiri' => '908663dc22221d1c7ddf261933350a49f5a520dd524c5922c621b459b8f76a62a:2:{i:0;s:17:\"peminjamanmandiri\";i:1;s:32:\"shA8e_FEGNtc_lZuGQdDVgVDs3XcXq6l\";}'
    '_keanggotaanInlislite' => 'd480f6fbf41937d6b9ec2f67a968f64273594deabad5e19e41018048b730f6daa:2:{i:0;s:21:\"_keanggotaanInlislite\";i:1;s:32:\"HvcVOcPNSJNMHndiFlnigQsu8XzQ_kqi\";}'
]

$_SESSION = [
    '__flash' => []
    '__returnUrl' => '/inlislite3/backend/member/member/index'
    'location' => '1'
    '__id' => 33
    'taglist' => []
    'SessCatalogTabActive' => null
    'SessSuccessImportCollections' => 'Data Koleksi Berhasil Diimport'
]

$_SERVER = [
    'REDIRECT_MIBDIRS' => 'C:/xampp/php/extras/mibs'
    'REDIRECT_MYSQL_HOME' => '\\xampp\\mysql\\bin'
    'REDIRECT_OPENSSL_CONF' => 'C:/xampp/apache/bin/openssl.cnf'
    'REDIRECT_PHP_PEAR_SYSCONF_DIR' => '\\xampp\\php'
    'REDIRECT_PHPRC' => '\\xampp\\php'
    'REDIRECT_TMP' => '\\xampp\\tmp'
    'REDIRECT_STATUS' => '200'
    'MIBDIRS' => 'C:/xampp/php/extras/mibs'
    'MYSQL_HOME' => '\\xampp\\mysql\\bin'
    'OPENSSL_CONF' => 'C:/xampp/apache/bin/openssl.cnf'
    'PHP_PEAR_SYSCONF_DIR' => '\\xampp\\php'
    'PHPRC' => '\\xampp\\php'
    'TMP' => '\\xampp\\tmp'
    'HTTP_HOST' => 'localhost:8123'
    'HTTP_CONNECTION' => 'keep-alive'
    'HTTP_SEC_CH_UA' => '\"Not/A)Brand\";v=\"8\", \"Chromium\";v=\"126\", \"Microsoft Edge\";v=\"126\"'
    'HTTP_SEC_CH_UA_MOBILE' => '?0'
    'HTTP_SEC_CH_UA_PLATFORM' => '\"Windows\"'
    'HTTP_UPGRADE_INSECURE_REQUESTS' => '1'
    'HTTP_USER_AGENT' => 'Mozilla/5.0 (Windows NT 10.0; Win64; x64) AppleWebKit/537.36 (KHTML, like Gecko) Chrome/126.0.0.0 Safari/537.36 Edg/126.0.0.0'
    'HTTP_ACCEPT' => 'text/html,application/xhtml+xml,application/xml;q=0.9,image/avif,image/webp,image/apng,*/*;q=0.8,application/signed-exchange;v=b3;q=0.7'
    'HTTP_SEC_FETCH_SITE' => 'same-origin'
    'HTTP_SEC_FETCH_MODE' => 'navigate'
    'HTTP_SEC_FETCH_USER' => '?1'
    'HTTP_SEC_FETCH_DEST' => 'document'
    'HTTP_REFERER' => 'http://localhost:8123/inlislite3/backend/akuisisi/koleksi-import/index'
    'HTTP_ACCEPT_ENCODING' => 'gzip, deflate, br, zstd'
    'HTTP_ACCEPT_LANGUAGE' => 'id,en;q=0.9,en-GB;q=0.8,en-US;q=0.7'
    'HTTP_COOKIE' => 'mailpoet_subscriber=%7B%22subscriber_id%22%3A1%7D; mailpoet_page_view=%7B%22timestamp%22%3A1686724796%7D; PHPSESSID=9q73hkcfsk52gqp31skm40l6h6; _csrf=214e5161ef2d67fa9974bc612e2bdafaf34688b8d776bd4a384f59a69e8e1d21a%3A2%3A%7Bi%3A0%3Bs%3A5%3A%22_csrf%22%3Bi%3A1%3Bs%3A32%3A%22KPZ6gxiZm-I3ZkXUBf5ZKScrVy7fqniE%22%3B%7D; _ArticleInlislite=10f0413afc854d72cbc08a77e2953882d171b6febaba355bd6bb1cb5594dea2ca%3A2%3A%7Bi%3A0%3Bs%3A17%3A%22_ArticleInlislite%22%3Bi%3A1%3Bs%3A32%3A%22Q6f4DAlcUuSZ9FSvVnC3Syx19GWk-qSh%22%3B%7D; _OpacInlislite=960ec45237b3569117b3363112ffc60352be04d4ac73dea1be44b5db655976cea%3A2%3A%7Bi%3A0%3Bs%3A14%3A%22_OpacInlislite%22%3Bi%3A1%3Bs%3A32%3A%222tF3bnu53DRtOufflI8rmdisprvGKeUD%22%3B%7D; _LKDInlislite=2d312e4e5dd799ae77cc7248d5dd95856666206dc8b3a9133344c2e7a50c2737a%3A2%3A%7Bi%3A0%3Bs%3A13%3A%22_LKDInlislite%22%3Bi%3A1%3Bs%3A32%3A%22SlOaF6ip1Db4W2Y5RkK22dYRHzY_gVm0%22%3B%7D; _backendInlislite=2b76d462e18bdc4ce8bdf00a7648a89686aaf56ba0578bb4c2d51773976a8679a%3A2%3A%7Bi%3A0%3Bs%3A17%3A%22_backendInlislite%22%3Bi%3A1%3Bs%3A32%3A%22420-Eitx85zLCHwqF8e_4DgNxp2cBgwS%22%3B%7D; backendSession=k7v43odbd851qr53h9e1hflf62; _identity=af3e2a0e951dec577795a0c5ffd91cd682a11d709a13aa959f261807f7b4af33a%3A2%3A%7Bi%3A0%3Bs%3A9%3A%22_identity%22%3Bi%3A1%3Bs%3A17%3A%22%5B33%2Cnull%2C2592000%5D%22%3B%7D; keanggotaanSession=tetbpo9r37gpuico1f0508dvo2; peminjamanmandiri=908663dc22221d1c7ddf261933350a49f5a520dd524c5922c621b459b8f76a62a%3A2%3A%7Bi%3A0%3Bs%3A17%3A%22peminjamanmandiri%22%3Bi%3A1%3Bs%3A32%3A%22shA8e_FEGNtc_lZuGQdDVgVDs3XcXq6l%22%3B%7D; _keanggotaanInlislite=d480f6fbf41937d6b9ec2f67a968f64273594deabad5e19e41018048b730f6daa%3A2%3A%7Bi%3A0%3Bs%3A21%3A%22_keanggotaanInlislite%22%3Bi%3A1%3Bs%3A32%3A%22HvcVOcPNSJNMHndiFlnigQsu8XzQ_kqi%22%3B%7D'
    'PATH' => 'C:\\Program Files\\Common Files\\Oracle\\Java\\javapath;C:\\Program Files (x86)\\Common Files\\Oracle\\Java\\javapath;C:\\Windows\\system32;C:\\Windows;C:\\Windows\\System32\\Wbem;C:\\Windows\\System32\\WindowsPowerShell\\v1.0\\;C:\\Windows\\System32\\OpenSSH\\;C:\\Program Files (x86)\\NVIDIA Corporation\\PhysX\\Common;C:\\Program Files\\NVIDIA Corporation\\NVIDIA NvDLISR;C:\\WINDOWS\\system32;C:\\WINDOWS;C:\\WINDOWS\\System32\\Wbem;C:\\WINDOWS\\System32\\WindowsPowerShell\\v1.0\\;C:\\WINDOWS\\System32\\OpenSSH\\;C:\\Program Files\\dotnet\\;C:\\MinGW\\bin;C:\\xampp\\php;C:\\Program Files\\Git\\cmd;C:\\composer;C:\\Users\\panjo\\AppData\\Local\\Microsoft\\WindowsApps;C:\\Users\\panjo\\AppData\\Local\\Programs\\Microsoft VS Code\\bin;C:\\Users\\panjo\\AppData\\Local\\GitHubDesktop\\bin;C:\\Users\\panjo\\AppData\\Roaming\\Composer\\vendor\\bin'
    'SystemRoot' => 'C:\\WINDOWS'
    'COMSPEC' => 'C:\\WINDOWS\\system32\\cmd.exe'
    'PATHEXT' => '.COM;.EXE;.BAT;.CMD;.VBS;.VBE;.JS;.JSE;.WSF;.WSH;.MSC'
    'WINDIR' => 'C:\\WINDOWS'
    'SERVER_SIGNATURE' => '<address>Apache/2.4.17 (Win32) OpenSSL/1.0.2d PHP/5.6.19 Server at localhost Port 8123</address>
'
    'SERVER_SOFTWARE' => 'Apache/2.4.17 (Win32) OpenSSL/1.0.2d PHP/5.6.19'
    'SERVER_NAME' => 'localhost'
    'SERVER_ADDR' => '::1'
    'SERVER_PORT' => '8123'
    'REMOTE_ADDR' => '::1'
    'DOCUMENT_ROOT' => 'C:/xampp/htdocs'
    'REQUEST_SCHEME' => 'http'
    'CONTEXT_PREFIX' => ''
    'CONTEXT_DOCUMENT_ROOT' => 'C:/xampp/htdocs'
    'SERVER_ADMIN' => 'postmaster@localhost'
    'SCRIPT_FILENAME' => 'C:/xampp/htdocs/inlislite3/backend/index.php'
    'REMOTE_PORT' => '53678'
    'REDIRECT_QUERY_STRING' => 'for=coll&rda=0'
    'REDIRECT_URL' => 'http://localhost:8123/inlislite3/backend/pengkatalogan/katalog/create?for=coll&rda=0'
    'GATEWAY_INTERFACE' => 'CGI/1.1'
    'SERVER_PROTOCOL' => 'HTTP/1.1'
    'REQUEST_METHOD' => 'GET'
    'QUERY_STRING' => 'for=coll&rda=0'
    'REQUEST_URI' => '/inlislite3/backend/pengkatalogan/katalog/create?for=coll&rda=0'
    'SCRIPT_NAME' => '/inlislite3/backend/index.php'
    'PHP_SELF' => '/inlislite3/backend/index.php'
    'REQUEST_TIME_FLOAT' => 1721114325.183
    'REQUEST_TIME' => 1721114325
]
2024-07-16 14:18:50 [::1][33][-][error][yii\i18n\PhpMessageSource::loadFallbackMessages] The message file for category 'kvdate' does not exist: C:\xampp\htdocs\inlislite3\vendor\kartik-v\yii2-widget-datepicker/messages/idn/kvdate.php Fallback file does not exist as well: C:\xampp\htdocs\inlislite3\vendor\kartik-v\yii2-widget-datepicker/messages/id/kvdate.php
    in C:\xampp\htdocs\inlislite3\vendor\kartik-v\yii2-widget-datepicker\DatePicker.php:290
    in C:\xampp\htdocs\inlislite3\vendor\kartik-v\yii2-widget-datepicker\DatePicker.php:316
    in C:\xampp\htdocs\inlislite3\vendor\kartik-v\yii2-widget-datepicker\DatePicker.php:266
2024-07-16 14:18:50 [::1][33][-][info][application] $_GET = [
    'for' => 'coll'
    'rda' => '0'
]

$_COOKIE = [
    'mailpoet_subscriber' => '{\"subscriber_id\":1}'
    'mailpoet_page_view' => '{\"timestamp\":1686724796}'
    'PHPSESSID' => '9q73hkcfsk52gqp31skm40l6h6'
    '_csrf' => '214e5161ef2d67fa9974bc612e2bdafaf34688b8d776bd4a384f59a69e8e1d21a:2:{i:0;s:5:\"_csrf\";i:1;s:32:\"KPZ6gxiZm-I3ZkXUBf5ZKScrVy7fqniE\";}'
    '_ArticleInlislite' => '10f0413afc854d72cbc08a77e2953882d171b6febaba355bd6bb1cb5594dea2ca:2:{i:0;s:17:\"_ArticleInlislite\";i:1;s:32:\"Q6f4DAlcUuSZ9FSvVnC3Syx19GWk-qSh\";}'
    '_OpacInlislite' => '960ec45237b3569117b3363112ffc60352be04d4ac73dea1be44b5db655976cea:2:{i:0;s:14:\"_OpacInlislite\";i:1;s:32:\"2tF3bnu53DRtOufflI8rmdisprvGKeUD\";}'
    '_LKDInlislite' => '2d312e4e5dd799ae77cc7248d5dd95856666206dc8b3a9133344c2e7a50c2737a:2:{i:0;s:13:\"_LKDInlislite\";i:1;s:32:\"SlOaF6ip1Db4W2Y5RkK22dYRHzY_gVm0\";}'
    '_backendInlislite' => '2b76d462e18bdc4ce8bdf00a7648a89686aaf56ba0578bb4c2d51773976a8679a:2:{i:0;s:17:\"_backendInlislite\";i:1;s:32:\"420-Eitx85zLCHwqF8e_4DgNxp2cBgwS\";}'
    'backendSession' => 'k7v43odbd851qr53h9e1hflf62'
    '_identity' => 'af3e2a0e951dec577795a0c5ffd91cd682a11d709a13aa959f261807f7b4af33a:2:{i:0;s:9:\"_identity\";i:1;s:17:\"[33,null,2592000]\";}'
    'keanggotaanSession' => 'tetbpo9r37gpuico1f0508dvo2'
    'peminjamanmandiri' => '908663dc22221d1c7ddf261933350a49f5a520dd524c5922c621b459b8f76a62a:2:{i:0;s:17:\"peminjamanmandiri\";i:1;s:32:\"shA8e_FEGNtc_lZuGQdDVgVDs3XcXq6l\";}'
    '_keanggotaanInlislite' => 'd480f6fbf41937d6b9ec2f67a968f64273594deabad5e19e41018048b730f6daa:2:{i:0;s:21:\"_keanggotaanInlislite\";i:1;s:32:\"HvcVOcPNSJNMHndiFlnigQsu8XzQ_kqi\";}'
]

$_SESSION = [
    '__flash' => []
    '__returnUrl' => '/inlislite3/backend/member/member/index'
    'location' => '1'
    '__id' => 33
    'taglist' => []
    'SessCatalogTabActive' => null
    'SessSuccessImportCollections' => 'Data Koleksi Berhasil Diimport'
]

$_SERVER = [
    'REDIRECT_MIBDIRS' => 'C:/xampp/php/extras/mibs'
    'REDIRECT_MYSQL_HOME' => '\\xampp\\mysql\\bin'
    'REDIRECT_OPENSSL_CONF' => 'C:/xampp/apache/bin/openssl.cnf'
    'REDIRECT_PHP_PEAR_SYSCONF_DIR' => '\\xampp\\php'
    'REDIRECT_PHPRC' => '\\xampp\\php'
    'REDIRECT_TMP' => '\\xampp\\tmp'
    'REDIRECT_STATUS' => '200'
    'MIBDIRS' => 'C:/xampp/php/extras/mibs'
    'MYSQL_HOME' => '\\xampp\\mysql\\bin'
    'OPENSSL_CONF' => 'C:/xampp/apache/bin/openssl.cnf'
    'PHP_PEAR_SYSCONF_DIR' => '\\xampp\\php'
    'PHPRC' => '\\xampp\\php'
    'TMP' => '\\xampp\\tmp'
    'HTTP_HOST' => 'localhost:8123'
    'HTTP_CONNECTION' => 'keep-alive'
    'HTTP_SEC_CH_UA' => '\"Not/A)Brand\";v=\"8\", \"Chromium\";v=\"126\", \"Microsoft Edge\";v=\"126\"'
    'HTTP_SEC_CH_UA_MOBILE' => '?0'
    'HTTP_SEC_CH_UA_PLATFORM' => '\"Windows\"'
    'HTTP_UPGRADE_INSECURE_REQUESTS' => '1'
    'HTTP_USER_AGENT' => 'Mozilla/5.0 (Windows NT 10.0; Win64; x64) AppleWebKit/537.36 (KHTML, like Gecko) Chrome/126.0.0.0 Safari/537.36 Edg/126.0.0.0'
    'HTTP_ACCEPT' => 'text/html,application/xhtml+xml,application/xml;q=0.9,image/avif,image/webp,image/apng,*/*;q=0.8,application/signed-exchange;v=b3;q=0.7'
    'HTTP_SEC_FETCH_SITE' => 'same-origin'
    'HTTP_SEC_FETCH_MODE' => 'navigate'
    'HTTP_SEC_FETCH_USER' => '?1'
    'HTTP_SEC_FETCH_DEST' => 'document'
    'HTTP_REFERER' => 'http://localhost:8123/inlislite3/backend/setting/akuisisi/rekanan/index'
    'HTTP_ACCEPT_ENCODING' => 'gzip, deflate, br, zstd'
    'HTTP_ACCEPT_LANGUAGE' => 'id,en;q=0.9,en-GB;q=0.8,en-US;q=0.7'
    'HTTP_COOKIE' => 'mailpoet_subscriber=%7B%22subscriber_id%22%3A1%7D; mailpoet_page_view=%7B%22timestamp%22%3A1686724796%7D; PHPSESSID=9q73hkcfsk52gqp31skm40l6h6; _csrf=214e5161ef2d67fa9974bc612e2bdafaf34688b8d776bd4a384f59a69e8e1d21a%3A2%3A%7Bi%3A0%3Bs%3A5%3A%22_csrf%22%3Bi%3A1%3Bs%3A32%3A%22KPZ6gxiZm-I3ZkXUBf5ZKScrVy7fqniE%22%3B%7D; _ArticleInlislite=10f0413afc854d72cbc08a77e2953882d171b6febaba355bd6bb1cb5594dea2ca%3A2%3A%7Bi%3A0%3Bs%3A17%3A%22_ArticleInlislite%22%3Bi%3A1%3Bs%3A32%3A%22Q6f4DAlcUuSZ9FSvVnC3Syx19GWk-qSh%22%3B%7D; _OpacInlislite=960ec45237b3569117b3363112ffc60352be04d4ac73dea1be44b5db655976cea%3A2%3A%7Bi%3A0%3Bs%3A14%3A%22_OpacInlislite%22%3Bi%3A1%3Bs%3A32%3A%222tF3bnu53DRtOufflI8rmdisprvGKeUD%22%3B%7D; _LKDInlislite=2d312e4e5dd799ae77cc7248d5dd95856666206dc8b3a9133344c2e7a50c2737a%3A2%3A%7Bi%3A0%3Bs%3A13%3A%22_LKDInlislite%22%3Bi%3A1%3Bs%3A32%3A%22SlOaF6ip1Db4W2Y5RkK22dYRHzY_gVm0%22%3B%7D; _backendInlislite=2b76d462e18bdc4ce8bdf00a7648a89686aaf56ba0578bb4c2d51773976a8679a%3A2%3A%7Bi%3A0%3Bs%3A17%3A%22_backendInlislite%22%3Bi%3A1%3Bs%3A32%3A%22420-Eitx85zLCHwqF8e_4DgNxp2cBgwS%22%3B%7D; backendSession=k7v43odbd851qr53h9e1hflf62; _identity=af3e2a0e951dec577795a0c5ffd91cd682a11d709a13aa959f261807f7b4af33a%3A2%3A%7Bi%3A0%3Bs%3A9%3A%22_identity%22%3Bi%3A1%3Bs%3A17%3A%22%5B33%2Cnull%2C2592000%5D%22%3B%7D; keanggotaanSession=tetbpo9r37gpuico1f0508dvo2; peminjamanmandiri=908663dc22221d1c7ddf261933350a49f5a520dd524c5922c621b459b8f76a62a%3A2%3A%7Bi%3A0%3Bs%3A17%3A%22peminjamanmandiri%22%3Bi%3A1%3Bs%3A32%3A%22shA8e_FEGNtc_lZuGQdDVgVDs3XcXq6l%22%3B%7D; _keanggotaanInlislite=d480f6fbf41937d6b9ec2f67a968f64273594deabad5e19e41018048b730f6daa%3A2%3A%7Bi%3A0%3Bs%3A21%3A%22_keanggotaanInlislite%22%3Bi%3A1%3Bs%3A32%3A%22HvcVOcPNSJNMHndiFlnigQsu8XzQ_kqi%22%3B%7D'
    'PATH' => 'C:\\Program Files\\Common Files\\Oracle\\Java\\javapath;C:\\Program Files (x86)\\Common Files\\Oracle\\Java\\javapath;C:\\Windows\\system32;C:\\Windows;C:\\Windows\\System32\\Wbem;C:\\Windows\\System32\\WindowsPowerShell\\v1.0\\;C:\\Windows\\System32\\OpenSSH\\;C:\\Program Files (x86)\\NVIDIA Corporation\\PhysX\\Common;C:\\Program Files\\NVIDIA Corporation\\NVIDIA NvDLISR;C:\\WINDOWS\\system32;C:\\WINDOWS;C:\\WINDOWS\\System32\\Wbem;C:\\WINDOWS\\System32\\WindowsPowerShell\\v1.0\\;C:\\WINDOWS\\System32\\OpenSSH\\;C:\\Program Files\\dotnet\\;C:\\MinGW\\bin;C:\\xampp\\php;C:\\Program Files\\Git\\cmd;C:\\composer;C:\\Users\\panjo\\AppData\\Local\\Microsoft\\WindowsApps;C:\\Users\\panjo\\AppData\\Local\\Programs\\Microsoft VS Code\\bin;C:\\Users\\panjo\\AppData\\Local\\GitHubDesktop\\bin;C:\\Users\\panjo\\AppData\\Roaming\\Composer\\vendor\\bin'
    'SystemRoot' => 'C:\\WINDOWS'
    'COMSPEC' => 'C:\\WINDOWS\\system32\\cmd.exe'
    'PATHEXT' => '.COM;.EXE;.BAT;.CMD;.VBS;.VBE;.JS;.JSE;.WSF;.WSH;.MSC'
    'WINDIR' => 'C:\\WINDOWS'
    'SERVER_SIGNATURE' => '<address>Apache/2.4.17 (Win32) OpenSSL/1.0.2d PHP/5.6.19 Server at localhost Port 8123</address>
'
    'SERVER_SOFTWARE' => 'Apache/2.4.17 (Win32) OpenSSL/1.0.2d PHP/5.6.19'
    'SERVER_NAME' => 'localhost'
    'SERVER_ADDR' => '::1'
    'SERVER_PORT' => '8123'
    'REMOTE_ADDR' => '::1'
    'DOCUMENT_ROOT' => 'C:/xampp/htdocs'
    'REQUEST_SCHEME' => 'http'
    'CONTEXT_PREFIX' => ''
    'CONTEXT_DOCUMENT_ROOT' => 'C:/xampp/htdocs'
    'SERVER_ADMIN' => 'postmaster@localhost'
    'SCRIPT_FILENAME' => 'C:/xampp/htdocs/inlislite3/backend/index.php'
    'REMOTE_PORT' => '53675'
    'REDIRECT_QUERY_STRING' => 'for=coll&rda=0'
    'REDIRECT_URL' => 'http://localhost:8123/inlislite3/backend/pengkatalogan/katalog/create?for=coll&rda=0'
    'GATEWAY_INTERFACE' => 'CGI/1.1'
    'SERVER_PROTOCOL' => 'HTTP/1.1'
    'REQUEST_METHOD' => 'GET'
    'QUERY_STRING' => 'for=coll&rda=0'
    'REQUEST_URI' => '/inlislite3/backend/pengkatalogan/katalog/create?for=coll&rda=0'
    'SCRIPT_NAME' => '/inlislite3/backend/index.php'
    'PHP_SELF' => '/inlislite3/backend/index.php'
    'REQUEST_TIME_FLOAT' => 1721114330.192
    'REQUEST_TIME' => 1721114330
]
